<?xml version="1.0" encoding="UTF-8"?>
<coverage generated="1648376311557" clover="3.2.0">
  <project timestamp="1648376311557" name="All files">
    <metrics statements="54" coveredstatements="15" conditionals="24" coveredconditionals="10" methods="21" coveredmethods="5" elements="99" coveredelements="30" complexity="0" loc="54" ncloc="54" packages="3" files="6" classes="6"/>
    <package name="architecture">
      <metrics statements="5" coveredstatements="2" conditionals="2" coveredconditionals="0" methods="1" coveredmethods="0"/>
      <file name="Routes.js" path="/Users/remy/Downloads/Working/Prime-app/src/architecture/Routes.js">
        <metrics statements="5" coveredstatements="2" conditionals="2" coveredconditionals="0" methods="1" coveredmethods="0"/>
        <line num="4" count="1" type="stmt"/>
        <line num="9" count="1" type="stmt"/>
        <line num="10" count="0" type="cond" truecount="0" falsecount="2"/>
        <line num="12" count="0" type="stmt"/>
        <line num="14" count="0" type="stmt"/>
      </file>
    </package>
    <package name="containers">
      <metrics statements="42" coveredstatements="13" conditionals="20" coveredconditionals="10" methods="14" coveredmethods="5"/>
      <file name="Login.js" path="/Users/remy/Downloads/Working/Prime-app/src/containers/Login.js">
        <metrics statements="23" coveredstatements="3" conditionals="8" coveredconditionals="0" methods="7" coveredmethods="1"/>
        <line num="5" count="2" type="stmt"/>
        <line num="7" count="2" type="stmt"/>
        <line num="8" count="2" type="stmt"/>
        <line num="9" count="0" type="cond" truecount="0" falsecount="2"/>
        <line num="12" count="0" type="stmt"/>
        <line num="13" count="0" type="stmt"/>
        <line num="14" count="0" type="stmt"/>
        <line num="15" count="0" type="stmt"/>
        <line num="21" count="0" type="cond" truecount="0" falsecount="2"/>
        <line num="22" count="0" type="stmt"/>
        <line num="26" count="0" type="stmt"/>
        <line num="30" count="0" type="cond" truecount="0" falsecount="2"/>
        <line num="31" count="0" type="stmt"/>
        <line num="32" count="0" type="stmt"/>
        <line num="33" count="0" type="stmt"/>
        <line num="34" count="0" type="cond" truecount="0" falsecount="2"/>
        <line num="35" count="0" type="stmt"/>
        <line num="36" count="0" type="stmt"/>
        <line num="37" count="0" type="stmt"/>
        <line num="39" count="0" type="stmt"/>
        <line num="40" count="0" type="stmt"/>
        <line num="41" count="0" type="stmt"/>
        <line num="43" count="0" type="stmt"/>
      </file>
      <file name="PrimeNumber.js" path="/Users/remy/Downloads/Working/Prime-app/src/containers/PrimeNumber.js">
        <metrics statements="19" coveredstatements="10" conditionals="12" coveredconditionals="10" methods="7" coveredmethods="4"/>
        <line num="6" count="6" type="stmt"/>
        <line num="10" count="21" type="cond" truecount="4" falsecount="0"/>
        <line num="11" count="19" type="stmt"/>
        <line num="15" count="21" type="stmt"/>
        <line num="16" count="31" type="cond" truecount="4" falsecount="0"/>
        <line num="18" count="9" type="stmt"/>
        <line num="22" count="2" type="stmt"/>
        <line num="23" count="2" type="stmt"/>
        <line num="24" count="19" type="cond" truecount="2" falsecount="0"/>
        <line num="26" count="2" type="stmt"/>
        <line num="30" count="0" type="stmt"/>
        <line num="31" count="0" type="stmt"/>
        <line num="32" count="0" type="stmt"/>
        <line num="33" count="0" type="stmt"/>
        <line num="34" count="0" type="stmt"/>
        <line num="35" count="0" type="stmt"/>
        <line num="36" count="0" type="stmt"/>
        <line num="38" count="0" type="stmt"/>
        <line num="39" count="0" type="cond" truecount="0" falsecount="2"/>
      </file>
    </package>
    <package name="views">
      <metrics statements="7" coveredstatements="0" conditionals="2" coveredconditionals="0" methods="6" coveredmethods="0"/>
      <file name="LoginUI.js" path="/Users/remy/Downloads/Working/Prime-app/src/views/LoginUI.js">
        <metrics statements="1" coveredstatements="0" conditionals="0" coveredconditionals="0" methods="1" coveredmethods="0"/>
        <line num="2" count="0" type="stmt"/>
      </file>
      <file name="PrimeNumberListUI.js" path="/Users/remy/Downloads/Working/Prime-app/src/views/PrimeNumberListUI.js">
        <metrics statements="5" coveredstatements="0" conditionals="2" coveredconditionals="0" methods="4" coveredmethods="0"/>
        <line num="3" count="0" type="stmt"/>
        <line num="4" count="0" type="stmt"/>
        <line num="6" count="0" type="cond" truecount="0" falsecount="2"/>
        <line num="8" count="0" type="stmt"/>
        <line num="18" count="0" type="stmt"/>
      </file>
      <file name="PrimeNumberUI.js" path="/Users/remy/Downloads/Working/Prime-app/src/views/PrimeNumberUI.js">
        <metrics statements="1" coveredstatements="0" conditionals="0" coveredconditionals="0" methods="1" coveredmethods="0"/>
        <line num="2" count="0" type="stmt"/>
      </file>
    </package>
  </project>
</coverage>
