{"/home/scientifik76/Téléchargements/Working/Prime-app/src/constants/primeNumberArray.js": {"path":"/home/scientifik76/Téléchargements/Working/Prime-app/src/constants/primeNumberArray.js","statementMap":{},"fnMap":{},"branchMap":{},"s":{},"f":{},"b":{},"_coverageSchema":"1a1c01bbd47fc00a2c39e90264f33305004495a9","hash":"640e35071d9a3095f27c8669072618ca0353698b"}
,"/home/scientifik76/Téléchargements/Working/Prime-app/src/containers/PrimeNumber.js": {"path":"/home/scientifik76/Téléchargements/Working/Prime-app/src/containers/PrimeNumber.js","statementMap":{"0":{"start":{"line":4,"column":28},"end":{"line":4,"column":66}},"1":{"start":{"line":5,"column":4},"end":{"line":8,"column":7}},"2":{"start":{"line":6,"column":6},"end":{"line":6,"column":39}},"3":{"start":{"line":7,"column":6},"end":{"line":7,"column":36}},"4":{"start":{"line":12,"column":26},"end":{"line":17,"column":5}},"5":{"start":{"line":13,"column":6},"end":{"line":15,"column":7}},"6":{"start":{"line":13,"column":19},"end":{"line":13,"column":20}},"7":{"start":{"line":14,"column":8},"end":{"line":14,"column":43}},"8":{"start":{"line":14,"column":30},"end":{"line":14,"column":43}},"9":{"start":{"line":16,"column":6},"end":{"line":16,"column":18}},"10":{"start":{"line":18,"column":29},"end":{"line":18,"column":31}},"11":{"start":{"line":19,"column":4},"end":{"line":21,"column":5}},"12":{"start":{"line":19,"column":17},"end":{"line":19,"column":18}},"13":{"start":{"line":20,"column":6},"end":{"line":20,"column":53}},"14":{"start":{"line":20,"column":28},"end":{"line":20,"column":53}},"15":{"start":{"line":22,"column":4},"end":{"line":22,"column":28}},"16":{"start":{"line":25,"column":11},"end":{"line":41,"column":3}},"17":{"start":{"line":26,"column":30},"end":{"line":26,"column":86}},"18":{"start":{"line":26,"column":36},"end":{"line":26,"column":86}},"19":{"start":{"line":26,"column":72},"end":{"line":26,"column":73}},"20":{"start":{"line":27,"column":23},"end":{"line":27,"column":79}},"21":{"start":{"line":27,"column":29},"end":{"line":27,"column":79}},"22":{"start":{"line":28,"column":4},"end":{"line":40,"column":5}},"23":{"start":{"line":29,"column":6},"end":{"line":35,"column":7}},"24":{"start":{"line":37,"column":6},"end":{"line":39,"column":7}},"25":{"start":{"line":44,"column":4},"end":{"line":44,"column":69}}},"fnMap":{"0":{"name":"(anonymous_0)","decl":{"start":{"line":3,"column":2},"end":{"line":3,"column":3}},"loc":{"start":{"line":3,"column":16},"end":{"line":9,"column":3}},"line":3},"1":{"name":"(anonymous_1)","decl":{"start":{"line":5,"column":46},"end":{"line":5,"column":47}},"loc":{"start":{"line":5,"column":51},"end":{"line":8,"column":5}},"line":5},"2":{"name":"(anonymous_2)","decl":{"start":{"line":11,"column":2},"end":{"line":11,"column":3}},"loc":{"start":{"line":11,"column":24},"end":{"line":23,"column":3}},"line":11},"3":{"name":"(anonymous_3)","decl":{"start":{"line":12,"column":26},"end":{"line":12,"column":27}},"loc":{"start":{"line":12,"column":38},"end":{"line":17,"column":5}},"line":12},"4":{"name":"(anonymous_4)","decl":{"start":{"line":25,"column":11},"end":{"line":25,"column":12}},"loc":{"start":{"line":25,"column":17},"end":{"line":41,"column":3}},"line":25},"5":{"name":"(anonymous_5)","decl":{"start":{"line":26,"column":30},"end":{"line":26,"column":31}},"loc":{"start":{"line":26,"column":36},"end":{"line":26,"column":86}},"line":26},"6":{"name":"(anonymous_6)","decl":{"start":{"line":26,"column":67},"end":{"line":26,"column":68}},"loc":{"start":{"line":26,"column":72},"end":{"line":26,"column":73}},"line":26},"7":{"name":"(anonymous_7)","decl":{"start":{"line":27,"column":23},"end":{"line":27,"column":24}},"loc":{"start":{"line":27,"column":29},"end":{"line":27,"column":79}},"line":27},"8":{"name":"(anonymous_8)","decl":{"start":{"line":43,"column":2},"end":{"line":43,"column":3}},"loc":{"start":{"line":43,"column":27},"end":{"line":45,"column":3}},"line":43}},"branchMap":{"0":{"loc":{"start":{"line":14,"column":8},"end":{"line":14,"column":43}},"type":"if","locations":[{"start":{"line":14,"column":8},"end":{"line":14,"column":43}},{"start":{},"end":{}}],"line":14},"1":{"loc":{"start":{"line":20,"column":6},"end":{"line":20,"column":53}},"type":"if","locations":[{"start":{"line":20,"column":6},"end":{"line":20,"column":53}},{"start":{},"end":{}}],"line":20},"2":{"loc":{"start":{"line":28,"column":4},"end":{"line":40,"column":5}},"type":"if","locations":[{"start":{"line":28,"column":4},"end":{"line":40,"column":5}},{"start":{"line":36,"column":11},"end":{"line":40,"column":5}}],"line":28}},"s":{"0":3,"1":3,"2":3,"3":3,"4":8,"5":1393,"6":1393,"7":4396,"8":1071,"9":322,"10":8,"11":8,"12":8,"13":1393,"14":322,"15":8,"16":3,"17":3,"18":2,"19":92,"20":3,"21":2,"22":3,"23":2,"24":1,"25":3},"f":{"0":3,"1":3,"2":8,"3":1393,"4":3,"5":2,"6":92,"7":2,"8":3},"b":{"0":[1071,3325],"1":[322,1071],"2":[2,1]},"_coverageSchema":"1a1c01bbd47fc00a2c39e90264f33305004495a9","hash":"ee4eba0c3b3fb0e5a3eddfef2d849db19eb78669"}
,"/home/scientifik76/Téléchargements/Working/Prime-app/src/views/PrimeNumberUI.js": {"path":"/home/scientifik76/Téléchargements/Working/Prime-app/src/views/PrimeNumberUI.js","statementMap":{"0":{"start":{"line":3,"column":2},"end":{"line":16,"column":5}}},"fnMap":{"0":{"name":"(anonymous_0)","decl":{"start":{"line":1,"column":15},"end":{"line":1,"column":16}},"loc":{"start":{"line":1,"column":21},"end":{"line":18,"column":1}},"line":1}},"branchMap":{},"s":{"0":3},"f":{"0":3},"b":{},"_coverageSchema":"1a1c01bbd47fc00a2c39e90264f33305004495a9","hash":"cd75baf8b2efe5f0cef63e835aa08afbb3b70959"}
}
