{"/home/scientifik76/Téléchargements/Working/Prime-app/src/containers/Login.js": {"path":"/home/scientifik76/Téléchargements/Working/Prime-app/src/containers/Login.js","statementMap":{"0":{"start":{"line":5,"column":2},"end":{"line":5,"column":29}},"1":{"start":{"line":9,"column":19},"end":{"line":9,"column":71}},"2":{"start":{"line":10,"column":18},"end":{"line":10,"column":69}},"3":{"start":{"line":11,"column":17},"end":{"line":11,"column":54}},"4":{"start":{"line":12,"column":24},"end":{"line":12,"column":55}},"5":{"start":{"line":13,"column":16},"end":{"line":13,"column":17}},"6":{"start":{"line":14,"column":2},"end":{"line":27,"column":5}},"7":{"start":{"line":15,"column":3},"end":{"line":26,"column":6}},"8":{"start":{"line":16,"column":4},"end":{"line":24,"column":5}},"9":{"start":{"line":17,"column":5},"end":{"line":17,"column":48}},"10":{"start":{"line":18,"column":5},"end":{"line":18,"column":37}},"11":{"start":{"line":19,"column":5},"end":{"line":19,"column":39}},"12":{"start":{"line":21,"column":5},"end":{"line":21,"column":52}},"13":{"start":{"line":22,"column":5},"end":{"line":22,"column":40}},"14":{"start":{"line":23,"column":5},"end":{"line":23,"column":36}},"15":{"start":{"line":25,"column":4},"end":{"line":25,"column":14}},"16":{"start":{"line":31,"column":2},"end":{"line":31,"column":40}},"17":{"start":{"line":31,"column":28},"end":{"line":31,"column":40}},"18":{"start":{"line":32,"column":2},"end":{"line":32,"column":15}},"19":{"start":{"line":36,"column":15},"end":{"line":36,"column":46}},"20":{"start":{"line":37,"column":2},"end":{"line":37,"column":29}},"21":{"start":{"line":38,"column":2},"end":{"line":38,"column":31}},"22":{"start":{"line":39,"column":22},"end":{"line":39,"column":67}},"23":{"start":{"line":40,"column":2},"end":{"line":46,"column":5}},"24":{"start":{"line":41,"column":25},"end":{"line":41,"column":66}},"25":{"start":{"line":42,"column":3},"end":{"line":45,"column":4}},"26":{"start":{"line":43,"column":4},"end":{"line":43,"column":87}}},"fnMap":{"0":{"name":"(anonymous_0)","decl":{"start":{"line":4,"column":1},"end":{"line":4,"column":2}},"loc":{"start":{"line":4,"column":15},"end":{"line":6,"column":2}},"line":4},"1":{"name":"(anonymous_1)","decl":{"start":{"line":8,"column":1},"end":{"line":8,"column":2}},"loc":{"start":{"line":8,"column":25},"end":{"line":28,"column":2}},"line":8},"2":{"name":"(anonymous_2)","decl":{"start":{"line":14,"column":17},"end":{"line":14,"column":18}},"loc":{"start":{"line":14,"column":30},"end":{"line":27,"column":3}},"line":14},"3":{"name":"(anonymous_3)","decl":{"start":{"line":15,"column":37},"end":{"line":15,"column":38}},"loc":{"start":{"line":15,"column":43},"end":{"line":26,"column":4}},"line":15},"4":{"name":"(anonymous_4)","decl":{"start":{"line":30,"column":1},"end":{"line":30,"column":2}},"loc":{"start":{"line":30,"column":23},"end":{"line":33,"column":2}},"line":30},"5":{"name":"(anonymous_5)","decl":{"start":{"line":35,"column":1},"end":{"line":35,"column":2}},"loc":{"start":{"line":35,"column":17},"end":{"line":47,"column":2}},"line":35},"6":{"name":"(anonymous_6)","decl":{"start":{"line":40,"column":40},"end":{"line":40,"column":41}},"loc":{"start":{"line":40,"column":46},"end":{"line":46,"column":3}},"line":40}},"branchMap":{"0":{"loc":{"start":{"line":16,"column":4},"end":{"line":24,"column":5}},"type":"if","locations":[{"start":{"line":16,"column":4},"end":{"line":24,"column":5}},{"start":{"line":20,"column":11},"end":{"line":24,"column":5}}],"line":16},"1":{"loc":{"start":{"line":31,"column":2},"end":{"line":31,"column":40}},"type":"if","locations":[{"start":{"line":31,"column":2},"end":{"line":31,"column":40}},{"start":{},"end":{}}],"line":31},"2":{"loc":{"start":{"line":42,"column":3},"end":{"line":45,"column":4}},"type":"if","locations":[{"start":{"line":42,"column":3},"end":{"line":45,"column":4}},{"start":{},"end":{}}],"line":42}},"s":{"0":2,"1":0,"2":0,"3":0,"4":0,"5":0,"6":0,"7":0,"8":0,"9":0,"10":0,"11":0,"12":0,"13":0,"14":0,"15":0,"16":2,"17":1,"18":1,"19":0,"20":0,"21":0,"22":0,"23":0,"24":0,"25":0,"26":0},"f":{"0":2,"1":0,"2":0,"3":0,"4":2,"5":0,"6":0},"b":{"0":[0,0],"1":[1,1],"2":[0,0]},"_coverageSchema":"1a1c01bbd47fc00a2c39e90264f33305004495a9","hash":"fab968500ea053fa18abbf80da459cf33829878c"}
,"/home/scientifik76/Téléchargements/Working/Prime-app/src/containers/PrimeNumber.js": {"path":"/home/scientifik76/Téléchargements/Working/Prime-app/src/containers/PrimeNumber.js","statementMap":{"0":{"start":{"line":6,"column":2},"end":{"line":6,"column":38}},"1":{"start":{"line":10,"column":2},"end":{"line":10,"column":48}},"2":{"start":{"line":10,"column":35},"end":{"line":10,"column":48}},"3":{"start":{"line":11,"column":2},"end":{"line":11,"column":14}},"4":{"start":{"line":15,"column":2},"end":{"line":17,"column":3}},"5":{"start":{"line":15,"column":15},"end":{"line":15,"column":16}},"6":{"start":{"line":16,"column":3},"end":{"line":16,"column":76}},"7":{"start":{"line":16,"column":63},"end":{"line":16,"column":76}},"8":{"start":{"line":18,"column":2},"end":{"line":18,"column":14}},"9":{"start":{"line":22,"column":27},"end":{"line":22,"column":29}},"10":{"start":{"line":23,"column":2},"end":{"line":25,"column":3}},"11":{"start":{"line":23,"column":15},"end":{"line":23,"column":16}},"12":{"start":{"line":24,"column":3},"end":{"line":24,"column":55}},"13":{"start":{"line":24,"column":30},"end":{"line":24,"column":55}},"14":{"start":{"line":26,"column":2},"end":{"line":26,"column":26}},"15":{"start":{"line":30,"column":15},"end":{"line":30,"column":46}},"16":{"start":{"line":31,"column":2},"end":{"line":31,"column":35}},"17":{"start":{"line":32,"column":26},"end":{"line":32,"column":64}},"18":{"start":{"line":33,"column":2},"end":{"line":37,"column":5}},"19":{"start":{"line":34,"column":20},"end":{"line":34,"column":79}},"20":{"start":{"line":35,"column":18},"end":{"line":35,"column":53}},"21":{"start":{"line":36,"column":3},"end":{"line":36,"column":31}},"22":{"start":{"line":38,"column":2},"end":{"line":40,"column":5}},"23":{"start":{"line":39,"column":3},"end":{"line":39,"column":45}},"24":{"start":{"line":39,"column":26},"end":{"line":39,"column":45}}},"fnMap":{"0":{"name":"(anonymous_0)","decl":{"start":{"line":5,"column":1},"end":{"line":5,"column":2}},"loc":{"start":{"line":5,"column":15},"end":{"line":7,"column":2}},"line":5},"1":{"name":"(anonymous_1)","decl":{"start":{"line":9,"column":1},"end":{"line":9,"column":2}},"loc":{"start":{"line":9,"column":21},"end":{"line":12,"column":2}},"line":9},"2":{"name":"(anonymous_2)","decl":{"start":{"line":14,"column":1},"end":{"line":14,"column":2}},"loc":{"start":{"line":14,"column":23},"end":{"line":19,"column":2}},"line":14},"3":{"name":"(anonymous_3)","decl":{"start":{"line":21,"column":1},"end":{"line":21,"column":2}},"loc":{"start":{"line":21,"column":33},"end":{"line":27,"column":2}},"line":21},"4":{"name":"(anonymous_4)","decl":{"start":{"line":29,"column":1},"end":{"line":29,"column":2}},"loc":{"start":{"line":29,"column":11},"end":{"line":41,"column":2}},"line":29},"5":{"name":"(anonymous_5)","decl":{"start":{"line":33,"column":44},"end":{"line":33,"column":45}},"loc":{"start":{"line":33,"column":51},"end":{"line":37,"column":3}},"line":33},"6":{"name":"(anonymous_6)","decl":{"start":{"line":38,"column":46},"end":{"line":38,"column":47}},"loc":{"start":{"line":38,"column":53},"end":{"line":40,"column":3}},"line":38}},"branchMap":{"0":{"loc":{"start":{"line":10,"column":2},"end":{"line":10,"column":48}},"type":"if","locations":[{"start":{"line":10,"column":2},"end":{"line":10,"column":48}},{"start":{},"end":{}}],"line":10},"1":{"loc":{"start":{"line":10,"column":6},"end":{"line":10,"column":33}},"type":"binary-expr","locations":[{"start":{"line":10,"column":6},"end":{"line":10,"column":16}},{"start":{"line":10,"column":20},"end":{"line":10,"column":33}}],"line":10},"2":{"loc":{"start":{"line":16,"column":3},"end":{"line":16,"column":76}},"type":"if","locations":[{"start":{"line":16,"column":3},"end":{"line":16,"column":76}},{"start":{},"end":{}}],"line":16},"3":{"loc":{"start":{"line":16,"column":7},"end":{"line":16,"column":61}},"type":"binary-expr","locations":[{"start":{"line":16,"column":7},"end":{"line":16,"column":23}},{"start":{"line":16,"column":27},"end":{"line":16,"column":61}}],"line":16},"4":{"loc":{"start":{"line":24,"column":3},"end":{"line":24,"column":55}},"type":"if","locations":[{"start":{"line":24,"column":3},"end":{"line":24,"column":55}},{"start":{},"end":{}}],"line":24},"5":{"loc":{"start":{"line":39,"column":3},"end":{"line":39,"column":45}},"type":"if","locations":[{"start":{"line":39,"column":3},"end":{"line":39,"column":45}},{"start":{},"end":{}}],"line":39}},"s":{"0":6,"1":21,"2":2,"3":19,"4":21,"5":21,"6":31,"7":12,"8":9,"9":2,"10":2,"11":2,"12":19,"13":8,"14":2,"15":0,"16":0,"17":0,"18":0,"19":0,"20":0,"21":0,"22":0,"23":0,"24":0},"f":{"0":6,"1":21,"2":21,"3":2,"4":0,"5":0,"6":0},"b":{"0":[2,19],"1":[21,20],"2":[12,19],"3":[31,19],"4":[8,11],"5":[0,0]},"_coverageSchema":"1a1c01bbd47fc00a2c39e90264f33305004495a9","hash":"71d67beabde232a2d41e3551b265579e95795365"}
,"/home/scientifik76/Téléchargements/Working/Prime-app/src/views/LoginUI.js": {"path":"/home/scientifik76/Téléchargements/Working/Prime-app/src/views/LoginUI.js","statementMap":{"0":{"start":{"line":2,"column":2},"end":{"line":39,"column":4}}},"fnMap":{"0":{"name":"(anonymous_0)","decl":{"start":{"line":1,"column":15},"end":{"line":1,"column":16}},"loc":{"start":{"line":1,"column":21},"end":{"line":40,"column":1}},"line":1}},"branchMap":{},"s":{"0":0},"f":{"0":0},"b":{},"_coverageSchema":"1a1c01bbd47fc00a2c39e90264f33305004495a9","hash":"6ad68fd447346fdd1b846a6749c25777680043cf"}
,"/home/scientifik76/Téléchargements/Working/Prime-app/src/views/PrimeNumberListUI.js": {"path":"/home/scientifik76/Téléchargements/Working/Prime-app/src/views/PrimeNumberListUI.js","statementMap":{"0":{"start":{"line":3,"column":28},"end":{"line":3,"column":74}},"1":{"start":{"line":3,"column":34},"end":{"line":3,"column":74}},"2":{"start":{"line":3,"column":60},"end":{"line":3,"column":61}},"3":{"start":{"line":4,"column":21},"end":{"line":4,"column":67}},"4":{"start":{"line":4,"column":27},"end":{"line":4,"column":67}},"5":{"start":{"line":6,"column":2},"end":{"line":22,"column":3}},"6":{"start":{"line":8,"column":4},"end":{"line":14,"column":6}},"7":{"start":{"line":18,"column":4},"end":{"line":20,"column":6}}},"fnMap":{"0":{"name":"(anonymous_0)","decl":{"start":{"line":1,"column":15},"end":{"line":1,"column":16}},"loc":{"start":{"line":1,"column":37},"end":{"line":24,"column":1}},"line":1},"1":{"name":"(anonymous_1)","decl":{"start":{"line":3,"column":28},"end":{"line":3,"column":29}},"loc":{"start":{"line":3,"column":34},"end":{"line":3,"column":74}},"line":3},"2":{"name":"(anonymous_2)","decl":{"start":{"line":3,"column":55},"end":{"line":3,"column":56}},"loc":{"start":{"line":3,"column":60},"end":{"line":3,"column":61}},"line":3},"3":{"name":"(anonymous_3)","decl":{"start":{"line":4,"column":21},"end":{"line":4,"column":22}},"loc":{"start":{"line":4,"column":27},"end":{"line":4,"column":67}},"line":4}},"branchMap":{"0":{"loc":{"start":{"line":6,"column":2},"end":{"line":22,"column":3}},"type":"if","locations":[{"start":{"line":6,"column":2},"end":{"line":22,"column":3}},{"start":{"line":16,"column":9},"end":{"line":22,"column":3}}],"line":6}},"s":{"0":0,"1":0,"2":0,"3":0,"4":0,"5":0,"6":0,"7":0},"f":{"0":0,"1":0,"2":0,"3":0},"b":{"0":[0,0]},"_coverageSchema":"1a1c01bbd47fc00a2c39e90264f33305004495a9","hash":"f8d4262f0b6a9adab5cd163bb873ce60cd3314f3"}
,"/home/scientifik76/Téléchargements/Working/Prime-app/src/views/PrimeNumberUI.js": {"path":"/home/scientifik76/Téléchargements/Working/Prime-app/src/views/PrimeNumberUI.js","statementMap":{"0":{"start":{"line":2,"column":1},"end":{"line":15,"column":4}}},"fnMap":{"0":{"name":"(anonymous_0)","decl":{"start":{"line":1,"column":15},"end":{"line":1,"column":16}},"loc":{"start":{"line":1,"column":21},"end":{"line":16,"column":1}},"line":1}},"branchMap":{},"s":{"0":0},"f":{"0":0},"b":{},"_coverageSchema":"1a1c01bbd47fc00a2c39e90264f33305004495a9","hash":"2bcd639cd21dae7f7b98795e9646e5eef840928c"}
}
