TN:
SF:src/constants/primeNumberArray.js
FNF:0
FNH:0
LF:0
LH:0
BRF:0
BRH:0
end_of_record
TN:
SF:src/containers/PrimeNumber.js
FN:3,(anonymous_0)
FN:5,(anonymous_1)
FN:11,(anonymous_2)
FN:12,(anonymous_3)
FN:25,(anonymous_4)
FN:26,(anonymous_5)
FN:26,(anonymous_6)
FN:27,(anonymous_7)
FN:43,(anonymous_8)
FNF:9
FNH:9
FNDA:3,(anonymous_0)
FNDA:3,(anonymous_1)
FNDA:8,(anonymous_2)
FNDA:1393,(anonymous_3)
FNDA:3,(anonymous_4)
FNDA:2,(anonymous_5)
FNDA:92,(anonymous_6)
FNDA:2,(anonymous_7)
FNDA:3,(anonymous_8)
DA:4,3
DA:5,3
DA:6,3
DA:7,3
DA:12,8
DA:13,1393
DA:14,4396
DA:16,322
DA:18,8
DA:19,8
DA:20,1393
DA:22,8
DA:25,3
DA:26,92
DA:27,3
DA:28,3
DA:29,2
DA:37,1
DA:44,3
LF:19
LH:19
BRDA:14,0,0,1071
BRDA:14,0,1,3325
BRDA:20,1,0,322
BRDA:20,1,1,1071
BRDA:28,2,0,2
BRDA:28,2,1,1
BRF:6
BRH:6
end_of_record
TN:
SF:src/views/PrimeNumberUI.js
FN:1,(anonymous_0)
FNF:1
FNH:1
FNDA:3,(anonymous_0)
DA:3,3
LF:1
LH:1
BRF:0
BRH:0
end_of_record
