TN:
SF:src/constants/primeNumberArray.js
FNF:0
FNH:0
LF:0
LH:0
BRF:0
BRH:0
end_of_record
TN:
SF:src/containers/PrimeNumber.js
FN:5,(anonymous_0)
FN:9,(anonymous_1)
FN:15,(anonymous_2)
FN:16,(anonymous_3)
FN:29,(anonymous_4)
FNF:5
FNH:5
FNDA:3,(anonymous_0)
FNDA:3,(anonymous_1)
FNDA:4,(anonymous_2)
FNDA:597,(anonymous_3)
FNDA:3,(anonymous_4)
DA:6,3
DA:7,3
DA:8,3
DA:9,3
DA:10,3
DA:11,3
DA:16,4
DA:17,597
DA:18,1884
DA:20,138
DA:22,4
DA:23,4
DA:24,597
DA:26,4
DA:30,3
DA:31,3
LF:16
LH:16
BRDA:18,0,0,459
BRDA:18,0,1,1425
BRDA:24,1,0,138
BRDA:24,1,1,459
BRF:4
BRH:4
end_of_record
TN:
SF:src/containers/Structure.js
FN:5,(anonymous_0)
FN:9,(anonymous_1)
FNF:2
FNH:2
FNDA:3,(anonymous_0)
FNDA:3,(anonymous_1)
DA:6,3
DA:10,3
LF:2
LH:2
BRF:0
BRH:0
end_of_record
TN:
SF:src/views/PrimeNumberUI.js
FN:1,(anonymous_0)
FN:18,(anonymous_1)
FN:20,(anonymous_2)
FN:20,(anonymous_3)
FN:21,(anonymous_4)
FNF:5
FNH:5
FNDA:3,(anonymous_0)
FNDA:3,(anonymous_1)
FNDA:2,(anonymous_2)
FNDA:92,(anonymous_3)
FNDA:2,(anonymous_4)
DA:1,1
DA:3,3
DA:18,1
DA:20,92
DA:21,3
DA:23,3
DA:24,2
DA:32,1
LF:8
LH:8
BRDA:23,0,0,2
BRDA:23,0,1,1
BRF:2
BRH:2
end_of_record
TN:
SF:src/views/StructureUI.js
FN:1,(anonymous_0)
FNF:1
FNH:1
FNDA:3,(anonymous_0)
DA:3,3
LF:1
LH:1
BRF:0
BRH:0
end_of_record
